========================================
🌙 夜班系統啟動 - 2026-03-30 01:00
========================================
[01:00] ✅ 討論區建立: /Users/user/night-shift/discussion/collaboration_2026-03-30.md
/Users/user/night-shift/discussion/collaboration_2026-03-30.md
[01:00] 🧠 已寫入 TASK_STATE snapshot
[01:00] 🛡️ 安全護欄已啟動
[01:00] 📋 開始執行各輪任務...

--- Round 1 (23:00) ---

========================================
🌙 Round 1 - 01:00
========================================
[01:00] 📝 Round 1: 系統檢查 + 待辦清單抓取
{
  "timestamp": "2026-03-30 01:00",
  "checks": {
    "disk": {
      "total": "460Gi",
      "used": "15Gi",
      "available": "190Gi",
      "percent": 8,
      "status": "OK",
      "message": "磁碟空間正常"
    },
    "memory": {
      "free_mb": 898,
      "total_mb": 13123,
      "status": "OK",
      "message": "記憶體狀態正常"
    },
    "cpu": {
      "load_average": "7.94",
      "status": "OK",
      "message": "CPU負載正常"
    },
    "services": {
      "items": [
        {"name": "node", "status": "running"}
,
        {"name": "python", "status": "stopped"}
,
        {"name": "redis", "status": "stopped"}
,
        {"name": "postgres", "status": "stopped"}

      ],
      "status": "OK"
    },
    "errors": {
      "count": 0,
      "status": "OK",
      "message": "無錯誤日誌"
    }
  },
  "overall_status": "COMPLETED"
}
[01:00] ✅ 系統檢查完成，報告已儲存
[01:00] ✅ Round 1 完成
[01:00] 🚀 正在同步到 GitHub...
