========================================
🌙 夜班系統啟動 - 2026-04-29 01:02
========================================
[01:02] ✅ 討論區建立: /Users/user/night-shift/discussion/collaboration_2026-04-29.md
/Users/user/night-shift/discussion/collaboration_2026-04-29.md
[01:02] 🧠 已寫入 TASK_STATE snapshot
[01:02] 🛡️ 安全護欄已啟動
[01:02] 📋 開始執行各輪任務...

--- Round 1 (23:00) ---

========================================
🌙 Round 1 - 01:02
========================================
[01:02] 📝 Round 1: 系統檢查 + 待辦清單抓取
{
  "timestamp": "2026-04-29 01:02",
  "checks": {
    "disk": {
      "total": "460Gi",
      "used": "11Gi",
      "available": "156Gi",
      "percent": 7,
      "status": "OK",
      "message": "磁碟空間正常"
    },
    "memory": {
      "free_mb": 237,
      "total_mb": 10990,
      "status": "OK",
      "message": "記憶體狀態正常"
    },
    "cpu": {
      "load_average": "16.52",
      "status": "OK",
      "message": "CPU負載正常"
    },
    "services": {
      "items": [
        {"name": "node", "status": "running"}
,
        {"name": "python", "status": "running"}
,
        {"name": "redis", "status": "stopped"}
,
        {"name": "postgres", "status": "stopped"}

      ],
      "status": "OK"
    },
    "errors": {
      "count": 0,
      "status": "OK",
      "message": "無錯誤日誌"
    }
  },
  "overall_status": "COMPLETED"
}
[01:02] ✅ 系統檢查完成，報告已儲存
[01:02] ✅ Round 1 完成
[01:02] 🚀 正在同步到 GitHub...
[01:02] ⚠️ GitHub 推送失敗
[01:02] ✅ 首輪完成，後續輪次由 cron 接手
========================================
