========================================
🌙 夜班系統啟動 - 2026-05-15 02:54
========================================
[02:54] ✅ 討論區建立: /Users/user/night-shift/discussion/collaboration_2026-05-15.md
/Users/user/night-shift/discussion/collaboration_2026-05-15.md
[02:54] 🧠 已寫入 TASK_STATE snapshot
[02:54] 🛡️ 安全護欄已啟動
[02:54] 📋 開始執行各輪任務...

--- Round 1 (23:00) ---

========================================
🌙 Round 1 - 02:54
========================================
[02:54] 📝 Round 1: 系統檢查 + 待辦清單抓取
{
  "timestamp": "2026-05-15 02:54",
  "checks": {
    "disk": {
      "total": "460Gi",
      "used": "11Gi",
      "available": "98Gi",
      "percent": 11,
      "status": "OK",
      "message": "磁碟空間正常"
    },
    "memory": {
      "free_mb": 339,
      "total_mb": 10641,
      "status": "OK",
      "message": "記憶體狀態正常"
    },
    "cpu": {
      "load_average": "1.78",
      "status": "OK",
      "message": "CPU負載正常"
    },
    "services": {
      "items": [
        {"name": "node", "status": "running"}
,
        {"name": "python", "status": "running"}
,
        {"name": "redis", "status": "stopped"}
,
        {"name": "postgres", "status": "stopped"}

      ],
      "status": "OK"
    },
    "errors": {
      "count": 0,
      "status": "OK",
      "message": "無錯誤日誌"
    }
  },
  "overall_status": "COMPLETED"
}
[02:54] ✅ 系統檢查完成，報告已儲存
[02:54] ✅ Round 1 完成
[02:54] 🚀 正在同步到 GitHub...
