========================================
🌙 夜班系統啟動 - 2026-07-16 23:08
========================================
[23:08] ✅ 討論區建立: /Users/user/night-shift/discussion/collaboration_2026-07-16.md
/Users/user/night-shift/discussion/collaboration_2026-07-16.md
[23:08] 🧠 已寫入 TASK_STATE snapshot
[23:08] 🛡️ 安全護欄已啟動
[23:08] 📋 開始執行各輪任務...

--- Round 1 (23:00) ---

========================================
🌙 Round 1 - 23:08
========================================
[23:08] 📝 Round 1: 系統檢查 + 待辦清單抓取
{
  "timestamp": "2026-07-16 23:08",
  "checks": {
    "disk": {
      "total": "460Gi",
      "used": "11Gi",
      "available": "49Gi",
      "percent": 20,
      "status": "OK",
      "message": "磁碟空間正常"
    },
    "memory": {
      "free_mb": 179,
      "total_mb": 14527,
      "status": "OK",
      "message": "記憶體狀態正常"
    },
    "cpu": {
      "load_average": "17.60",
      "status": "OK",
      "message": "CPU負載正常"
    },
    "services": {
      "items": [
        {"name": "node", "status": "running"}
,
        {"name": "python", "status": "stopped"}
,
        {"name": "redis", "status": "stopped"}
,
        {"name": "postgres", "status": "stopped"}

      ],
      "status": "OK"
    },
    "errors": {
      "count": 0,
      "status": "OK",
      "message": "無錯誤日誌"
    }
  },
  "overall_status": "COMPLETED"
}
[23:08] ✅ 系統檢查完成，報告已儲存
[23:08] ✅ Round 1 完成
[23:08] 🚀 正在同步到 GitHub...
